0 info it worked if it ends with ok
1 verbose cli [ '/usr/bin/node', '/usr/bin/npm', 'run', 'watch' ]
2 info using npm@3.5.2
3 info using node@v8.10.0
4 verbose run-script [ 'prewatch', 'watch', 'postwatch' ]
5 info lifecycle opendata-project@1.0.0~prewatch: opendata-project@1.0.0
6 silly lifecycle opendata-project@1.0.0~prewatch: no script for prewatch, continuing
7 info lifecycle opendata-project@1.0.0~watch: opendata-project@1.0.0
8 verbose lifecycle opendata-project@1.0.0~watch: unsafe-perm in lifecycle true
9 verbose lifecycle opendata-project@1.0.0~watch: PATH: /usr/share/npm/bin/node-gyp-bin:/mnt/c/Users/ignox/Desktop/OpenData Project/opendata-project/node_modules/.bin:/usr/local/sbin:/usr/local/bin:/usr/sbin:/usr/bin:/sbin:/bin:/usr/games:/usr/local/games:/mnt/c/WINDOWS/system32:/mnt/c/WINDOWS:/mnt/c/WINDOWS/System32/Wbem:/mnt/c/WINDOWS/System32/WindowsPowerShell/v1.0/:/mnt/c/WINDOWS/System32/OpenSSH/:/mnt/c/Program Files/Microsoft VS Code/bin:/mnt/c/Program Files/Microsoft SQL Server/130/Tools/Binn/:/mnt/c/Program Files/Microsoft SQL Server/Client SDK/ODBC/170/Tools/Binn/:/mnt/c/Program Files/dotnet/:/mnt/c/Program Files/Docker/Docker/resources/bin:/mnt/c/ProgramData/DockerDesktop/version-bin:/mnt/c/Users/ignox/AppData/Local/Microsoft/WindowsApps:/mnt/c/Users/ignox/AppData/Local/GitHubDesktop/bin:/mnt/c/Users/ignox/.dotnet/tools:/home/ignas/.fzf/bin
10 verbose lifecycle opendata-project@1.0.0~watch: CWD: /mnt/c/Users/ignox/Desktop/OpenData Project/opendata-project
11 silly lifecycle opendata-project@1.0.0~watch: Args: [ '-c', 'nodemon index.js' ]
12 info lifecycle opendata-project@1.0.0~watch: Failed to exec watch script
13 verbose stack Error: opendata-project@1.0.0 watch: `nodemon index.js`
13 verbose stack spawn ENOENT
13 verbose stack     at ChildProcess.<anonymous> (/usr/share/npm/lib/utils/spawn.js:17:16)
13 verbose stack     at emitTwo (events.js:126:13)
13 verbose stack     at ChildProcess.emit (events.js:214:7)
13 verbose stack     at maybeClose (internal/child_process.js:925:16)
13 verbose stack     at Process.ChildProcess._handle.onexit (internal/child_process.js:209:5)
14 verbose pkgid opendata-project@1.0.0
15 verbose cwd /mnt/c/Users/ignox/Desktop/OpenData Project/opendata-project
16 error Linux 4.4.0-18362-Microsoft
17 error argv "/usr/bin/node" "/usr/bin/npm" "run" "watch"
18 error node v8.10.0
19 error npm  v3.5.2
20 error file sh
21 error code ELIFECYCLE
22 error errno ENOENT
23 error syscall spawn
24 error opendata-project@1.0.0 watch: `nodemon index.js`
24 error spawn ENOENT
25 error Failed at the opendata-project@1.0.0 watch script 'nodemon index.js'.
25 error Make sure you have the latest version of node.js and npm installed.
25 error If you do, this is most likely a problem with the opendata-project package,
25 error not with npm itself.
25 error Tell the author that this fails on your system:
25 error     nodemon index.js
25 error You can get information on how to open an issue for this project with:
25 error     npm bugs opendata-project
25 error Or if that isn't available, you can get their info via:
25 error     npm owner ls opendata-project
25 error There is likely additional logging output above.
26 verbose exit [ 1, true ]
